X_train shape: (1152, 16384)
X_test shape: (288, 16384)
X_train flattened shape: (1152, 16384)
X_test flattened shape: (288, 16384)

Generating embeddings...
X_train embedded shape: (1152, 2)
X_test embedded shape: (288, 2)

Run KNN on ==>  coil20-npy
KNN Before:
k=1: 0.9931
k=3: 0.9722
k=5: 0.9340
k=7: 0.8958
k=9: 0.8889
KNN After:
k=1: 0.8438
k=3: 0.8333
k=5: 0.8264
k=7: 0.8229
k=9: 0.8333

Run Trustworthiness on ==>  coil20-npy
Trustworthiness (k=1) - Train: 0.9890, Test: 0.9849
Trustworthiness (k=3) - Train: 0.9866, Test: 0.9836
Trustworthiness (k=5) - Train: 0.9858, Test: 0.9764
Trustworthiness (k=7) - Train: 0.9843, Test: 0.9694
Trustworthiness (k=9) - Train: 0.9829, Test: 0.9587

=== MRRE Evaluation ===
MRRE (K=1): 3.7049
MRRE (K=3): 3.9835
MRRE (K=5): 3.3202
MRRE (K=7): 2.9772
MRRE (K=9): 2.7522

=== Continuity Evaluation ===
Continuity (K=1): 0.9968
Continuity (K=3): 0.9938
Continuity (K=5): 0.9936
Continuity (K=7): 0.9928
Continuity (K=9): 0.9919
