X_train shape: (1152, 128, 128)
X_test shape: (288, 128, 128)
X_train flattened shape: (1152, 16384)
X_test flattened shape: (288, 16384)

Generating embeddings...
X_train embedded shape: (1152, 2)
X_test embedded shape: (288, 2)

Run KNN on ==>  coil20
KNN Before:
k=1: 0.9931
k=3: 0.9757
k=5: 0.9444
k=7: 0.9236
k=9: 0.9132
KNN After:
k=1: 0.8819
k=3: 0.8681
k=5: 0.8646
k=7: 0.8646
k=9: 0.8507

Run Trustworthiness on ==>  coil20
Trustworthiness (k=1) - Train: 0.9934, Test: 0.9790
Trustworthiness (k=3) - Train: 0.9908, Test: 0.9782
Trustworthiness (k=5) - Train: 0.9911, Test: 0.9691
Trustworthiness (k=7) - Train: 0.9906, Test: 0.9625
Trustworthiness (k=9) - Train: 0.9902, Test: 0.9546

=== MRRE Evaluation ===
MRRE (K=1): 8.0799
MRRE (K=3): 5.1664
MRRE (K=5): 4.1721
MRRE (K=7): 3.6374
MRRE (K=9): 3.3740

=== Continuity Evaluation ===
Continuity (K=1): 0.9930
Continuity (K=3): 0.9930
Continuity (K=5): 0.9925
Continuity (K=7): 0.9917
Continuity (K=9): 0.9903
