    X_train shape: (56000, 28, 28)
X_test shape: (14000, 28, 28)
X_train flattened shape: (56000, 784)
X_test flattened shape: (14000, 784)

Generating embeddings...
X_train embedded shape: (56000, 2)
X_test embedded shape: (14000, 2)

Run KNN on ==>  mnist
KNN Before:
k=1: 0.9709
k=3: 0.9723
k=5: 0.9722
k=7: 0.9717
k=9: 0.9701
KNN After:
k=1: 0.9435
k=3: 0.9564
k=5: 0.9577
k=7: 0.9581
k=9: 0.9584

Run Trustworthiness on ==>  mnist
Trustworthiness (k=1) - Train: 0.9528, Test: 0.9528
Trustworthiness (k=3) - Train: 0.9525, Test: 0.9524
Trustworthiness (k=5) - Train: 0.9523, Test: 0.9520
Trustworthiness (k=7) - Train: 0.9524, Test: 0.9516
Trustworthiness (k=9) - Train: 0.9524, Test: 0.9514

=== MRRE Evaluation ===
MRRE (K=1): 551.2454
MRRE (K=3): 397.2823
MRRE (K=5): 326.9178
MRRE (K=7): 285.3457
MRRE (K=9): 256.5910

=== Continuity Evaluation ===
Continuity (K=1): 0.9902
Continuity (K=3): 0.9874
Continuity (K=5): 0.9854
Continuity (K=7): 0.9836
Continuity (K=9): 0.9820
