X_train shape: (320, 4096)
X_test shape: (80, 4096)
X_train flattened shape: (320, 4096)
X_test flattened shape: (80, 4096)

Generating embeddings...
X_train embedded shape: (320, 2)
X_test embedded shape: (80, 2)

Run KNN on ==>  olivetti
KNN Before:
k=1: 0.9375
k=3: 0.8750
k=5: 0.8625
k=7: 0.8250
k=9: 0.7500
KNN After:
k=1: 0.4750
k=3: 0.4500
k=5: 0.5250
k=7: 0.4750
k=9: 0.4750

Run Trustworthiness on ==>  olivetti
Trustworthiness (k=1) - Train: 0.9596, Test: 0.9170
Trustworthiness (k=3) - Train: 0.9567, Test: 0.8758
Trustworthiness (k=5) - Train: 0.9550, Test: 0.8540
Trustworthiness (k=7) - Train: 0.9495, Test: 0.8327
Trustworthiness (k=9) - Train: 0.9432, Test: 0.8238

=== MRRE Evaluation ===
MRRE (K=1): 8.2844
MRRE (K=3): 6.7484
MRRE (K=5): 6.6316
MRRE (K=7): 6.4059
MRRE (K=9): 6.0896

=== Continuity Evaluation ===
Continuity (K=1): 0.9740
Continuity (K=3): 0.9638
Continuity (K=5): 0.9448
Continuity (K=7): 0.9293
Continuity (K=9): 0.9180
