X_train shape: (1152, 128, 128)
X_test shape: (288, 128, 128)
X_train flattened shape: (1152, 16384)
X_test flattened shape: (288, 16384)

Generating embeddings...
X_train embedded shape: (1152, 3)
X_test embedded shape: (288, 3)

Run KNN on ==>  coil20
KNN Before:
k=1: 0.9931
k=3: 0.9757
k=5: 0.9444
k=7: 0.9236
k=9: 0.9132
KNN After:
k=1: 0.8993
k=3: 0.8681
k=5: 0.8542
k=7: 0.8542
k=9: 0.8472

Run Trustworthiness on ==>  coil20
Trustworthiness (k=1) - Train: 0.9946, Test: 0.9856
Trustworthiness (k=3) - Train: 0.9939, Test: 0.9852
Trustworthiness (k=5) - Train: 0.9939, Test: 0.9765
Trustworthiness (k=7) - Train: 0.9932, Test: 0.9696
Trustworthiness (k=9) - Train: 0.9929, Test: 0.9653

=== MRRE Evaluation ===
MRRE (K=1): 6.5694
MRRE (K=3): 4.2750
MRRE (K=5): 3.5270
MRRE (K=7): 3.0823
MRRE (K=9): 2.8386

=== Continuity Evaluation ===
Continuity (K=1): 0.9943
Continuity (K=3): 0.9943
Continuity (K=5): 0.9937
Continuity (K=7): 0.9931
Continuity (K=9): 0.9921
