X_train shape: (56000, 28, 28)
X_test shape: (14000, 28, 28)
X_train flattened shape: (56000, 784)
X_test flattened shape: (14000, 784)

Generating embeddings...
X_train embedded shape: (56000, 3)
X_test embedded shape: (14000, 3)

Run KNN on ==>  mnist
KNN Before:
k=1: 0.9709
k=3: 0.9723
k=5: 0.9722
k=7: 0.9717
k=9: 0.9701
KNN After:
k=1: 0.9495
k=3: 0.9633
k=5: 0.9642
k=7: 0.9646
k=9: 0.9644

Run Trustworthiness on ==>  mnist
Trustworthiness (k=1) - Train: 0.9781, Test: 0.9759
Trustworthiness (k=3) - Train: 0.9780, Test: 0.9753
Trustworthiness (k=5) - Train: 0.9777, Test: 0.9742
Trustworthiness (k=7) - Train: 0.9774, Test: 0.9736
Trustworthiness (k=9) - Train: 0.9771, Test: 0.9731

=== MRRE Evaluation ===
MRRE (K=1): 448.5583
MRRE (K=3): 330.6503
MRRE (K=5): 274.2396
MRRE (K=7): 240.6166
MRRE (K=9): 217.1977

=== Continuity Evaluation ===
Continuity (K=1): 0.9920
Continuity (K=3): 0.9894
Continuity (K=5): 0.9876
Continuity (K=7): 0.9860
Continuity (K=9): 0.9846
