X_train shape: (320, 4096)
X_test shape: (80, 4096)
X_train flattened shape: (320, 4096)
X_test flattened shape: (80, 4096)

Generating embeddings...
X_train embedded shape: (320, 3)
X_test embedded shape: (80, 3)

Run KNN on ==>  olivetti
KNN Before:
k=1: 0.9375
k=3: 0.8750
k=5: 0.8625
k=7: 0.8250
k=9: 0.7500
KNN After:
k=1: 0.5625
k=3: 0.5500
k=5: 0.5250
k=7: 0.5000
k=9: 0.4750

Run Trustworthiness on ==>  olivetti
Trustworthiness (k=1) - Train: 0.9769, Test: 0.9212
Trustworthiness (k=3) - Train: 0.9739, Test: 0.8782
Trustworthiness (k=5) - Train: 0.9695, Test: 0.8586
Trustworthiness (k=7) - Train: 0.9642, Test: 0.8406
Trustworthiness (k=9) - Train: 0.9580, Test: 0.8340

=== MRRE Evaluation ===
MRRE (K=1): 6.0906
MRRE (K=3): 5.0115
MRRE (K=5): 4.8895
MRRE (K=7): 5.0288
MRRE (K=9): 4.9856

=== Continuity Evaluation ===
Continuity (K=1): 0.9809
Continuity (K=3): 0.9734
Continuity (K=5): 0.9605
Continuity (K=7): 0.9431
Continuity (K=9): 0.9295
