X_train shape: (15076, 5000)
X_test shape: (3770, 5000)
X_train flattened shape: (15076, 5000)
X_test flattened shape: (3770, 5000)

Generating embeddings...
X_train embedded shape: (15076, 2)
X_test embedded shape: (3770, 2)

Run KNN on ==>  20newsgroups
KNN Before:
k=1: 0.8040
k=3: 0.7692
k=5: 0.7626
k=7: 0.7525
k=9: 0.7469
KNN After:
k=1: 0.0958
k=3: 0.0989
k=5: 0.1050
k=7: 0.1090
k=9: 0.1154

Run Trustworthiness on ==>  20newsgroups
Trustworthiness (k=1) - Train: 0.5867, Test: 0.5922
Trustworthiness (k=3) - Train: 0.5867, Test: 0.5872
Trustworthiness (k=5) - Train: 0.5870, Test: 0.5867
Trustworthiness (k=7) - Train: 0.5868, Test: 0.5883
Trustworthiness (k=9) - Train: 0.5868, Test: 0.5888

=== MRRE Evaluation ===
MRRE (K=1): 3915.3005
MRRE (K=3): 2704.8559
MRRE (K=5): 2137.7915
MRRE (K=7): 1794.9278
MRRE (K=9): 1562.6632

=== Continuity Evaluation ===
Continuity (K=1): 0.7403
Continuity (K=3): 0.6883
Continuity (K=5): 0.6610
Continuity (K=7): 0.6429
Continuity (K=9): 0.6287
