X_train shape: (1152, 128, 128)
X_test shape: (288, 128, 128)
X_train flattened shape: (1152, 16384)
X_test flattened shape: (288, 16384)

Generating embeddings...
X_train embedded shape: (1152, 2)
X_test embedded shape: (288, 2)

Run KNN on ==>  coil20
KNN Before:
k=1: 0.9931
k=3: 0.9757
k=5: 0.9444
k=7: 0.9236
k=9: 0.9132
KNN After:
k=1: 0.6806
k=3: 0.7153
k=5: 0.7569
k=7: 0.7431
k=9: 0.7292

Run Trustworthiness on ==>  coil20
Trustworthiness (k=1) - Train: 0.8884, Test: 0.8890
Trustworthiness (k=3) - Train: 0.8896, Test: 0.8905
Trustworthiness (k=5) - Train: 0.8884, Test: 0.8834
Trustworthiness (k=7) - Train: 0.8867, Test: 0.8826
Trustworthiness (k=9) - Train: 0.8870, Test: 0.8799

=== MRRE Evaluation ===
MRRE (K=1): 11.0399
MRRE (K=3): 9.1563
MRRE (K=5): 8.4044
MRRE (K=7): 7.7825
MRRE (K=9): 7.3003

=== Continuity Evaluation ===
Continuity (K=1): 0.9904
Continuity (K=3): 0.9857
Continuity (K=5): 0.9809
Continuity (K=7): 0.9773
Continuity (K=9): 0.9742
