X_train shape: (56000, 28, 28)
X_test shape: (14000, 28, 28)
X_train flattened shape: (56000, 784)
X_test flattened shape: (14000, 784)

Generating embeddings...
X_train embedded shape: (56000, 2)
X_test embedded shape: (14000, 2)

Run KNN on ==>  mnist
KNN Before:
k=1: 0.9709
k=3: 0.9723
k=5: 0.9722
k=7: 0.9717
k=9: 0.9701
KNN After:
k=1: 0.3842
k=3: 0.4046
k=5: 0.4181
k=7: 0.4249
k=9: 0.4333

Run Trustworthiness on ==>  mnist
Trustworthiness (k=1) - Train: 0.7353, Test: 0.7357
Trustworthiness (k=3) - Train: 0.7347, Test: 0.7367
Trustworthiness (k=5) - Train: 0.7342, Test: 0.7363
Trustworthiness (k=7) - Train: 0.7342, Test: 0.7359
Trustworthiness (k=9) - Train: 0.7343, Test: 0.7363

=== MRRE Evaluation ===
MRRE (K=1): 1932.5558
MRRE (K=3): 1297.7977
MRRE (K=5): 1021.6735
MRRE (K=7): 858.7517
MRRE (K=9): 748.7438

=== Continuity Evaluation ===
Continuity (K=1): 0.9655
Continuity (K=3): 0.9602
Continuity (K=5): 0.9568
Continuity (K=7): 0.9543
Continuity (K=9): 0.9522
