X_train shape: (320, 4096)
X_test shape: (80, 4096)
X_train flattened shape: (320, 4096)
X_test flattened shape: (80, 4096)

Generating embeddings...
X_train embedded shape: (320, 2)
X_test embedded shape: (80, 2)

Run KNN on ==>  olivetti
KNN Before:
k=1: 0.9375
k=3: 0.8750
k=5: 0.8625
k=7: 0.8250
k=9: 0.7500
KNN After:
k=1: 0.2875
k=3: 0.2750
k=5: 0.3500
k=7: 0.3000
k=9: 0.2625

Run Trustworthiness on ==>  olivetti
Trustworthiness (k=1) - Train: 0.8614, Test: 0.8285
Trustworthiness (k=3) - Train: 0.8579, Test: 0.8417
Trustworthiness (k=5) - Train: 0.8599, Test: 0.8407
Trustworthiness (k=7) - Train: 0.8568, Test: 0.8469
Trustworthiness (k=9) - Train: 0.8557, Test: 0.8504

=== MRRE Evaluation ===
MRRE (K=1): 13.9281
MRRE (K=3): 11.0540
MRRE (K=5): 9.3241
MRRE (K=7): 8.0982
MRRE (K=9): 7.1707

=== Continuity Evaluation ===
Continuity (K=1): 0.9563
Continuity (K=3): 0.9385
Continuity (K=5): 0.9286
Continuity (K=7): 0.9235
Continuity (K=9): 0.9211
