X_train shape: (1152, 128, 128)
X_test shape: (288, 128, 128)
X_train flattened shape: (1152, 16384)
X_test flattened shape: (288, 16384)

Generating embeddings...
X_train embedded shape: (1152, 2)
X_test embedded shape: (288, 2)

Run KNN on ==>  coil20
KNN Before:
k=1: 0.9931
k=3: 0.9757
k=5: 0.9444
k=7: 0.9236
k=9: 0.9132
KNN After:
k=1: 0.8438
k=3: 0.8403
k=5: 0.8438
k=7: 0.8333
k=9: 0.8438

Run Trustworthiness on ==>  coil20
Trustworthiness (k=1) - Train: 0.9916, Test: 0.9849
Trustworthiness (k=3) - Train: 0.9920, Test: 0.9857
Trustworthiness (k=5) - Train: 0.9922, Test: 0.9802
Trustworthiness (k=7) - Train: 0.9925, Test: 0.9735
Trustworthiness (k=9) - Train: 0.9925, Test: 0.9678

=== MRRE Evaluation ===
MRRE (K=1): 8.2274
MRRE (K=3): 5.3640
MRRE (K=5): 3.9846
MRRE (K=7): 3.1770
MRRE (K=9): 2.7377

=== Continuity Evaluation ===
Continuity (K=1): 0.9929
Continuity (K=3): 0.9928
Continuity (K=5): 0.9936
Continuity (K=7): 0.9945
Continuity (K=9): 0.9946
