X_train shape: (320, 4096)
X_test shape: (80, 4096)
X_train flattened shape: (320, 4096)
X_test flattened shape: (80, 4096)

Generating embeddings...
X_train embedded shape: (320, 2)
X_test embedded shape: (80, 2)

Run KNN on ==>  olivetti
KNN Before:
k=1: 0.9375
k=3: 0.8750
k=5: 0.8625
k=7: 0.8250
k=9: 0.7500
KNN After:
k=1: 0.3625
k=3: 0.3750
k=5: 0.3375
k=7: 0.4125
k=9: 0.4000

Run Trustworthiness on ==>  olivetti
Trustworthiness (k=1) - Train: 0.9383, Test: 0.8644
Trustworthiness (k=3) - Train: 0.9313, Test: 0.8480
Trustworthiness (k=5) - Train: 0.9256, Test: 0.8401
Trustworthiness (k=7) - Train: 0.9211, Test: 0.8358
Trustworthiness (k=9) - Train: 0.9139, Test: 0.8297

=== MRRE Evaluation ===
MRRE (K=1): 10.7281
MRRE (K=3): 8.6260
MRRE (K=5): 7.4391
MRRE (K=7): 6.5891
MRRE (K=9): 6.0096

=== Continuity Evaluation ===
Continuity (K=1): 0.9664
Continuity (K=3): 0.9527
Continuity (K=5): 0.9428
Continuity (K=7): 0.9363
Continuity (K=9): 0.9301
