X_train shape: (1152, 128, 128)
X_test shape: (288, 128, 128)
X_train flattened shape: (1152, 16384)
X_test flattened shape: (288, 16384)

Generating embeddings...
X_train embedded shape: (1152, 2)
X_test embedded shape: (288, 2)

Run KNN on ==>  coil20
KNN Before:
k=1: 0.9931
k=3: 0.9757
k=5: 0.9444
k=7: 0.9236
k=9: 0.9132
KNN After:
k=1: 0.8750
k=3: 0.8507
k=5: 0.8507
k=7: 0.8507
k=9: 0.8472

Run Trustworthiness on ==>  coil20
Trustworthiness (k=5) - Train: 0.9893, Test: 0.9706
Trustworthiness (k=10) - Train: 0.9890, Test: 0.9498
Trustworthiness (k=15) - Train: 0.9854, Test: 0.9275

=== MRRE Evaluation ===
MRRE (K=1): 6.6866
MRRE (K=3): 4.7889
MRRE (K=5): 4.0323
MRRE (K=7): 3.5813
MRRE (K=9): 3.3686

=== Continuity Evaluation ===
Continuity (K=1): 0.9942
Continuity (K=3): 0.9933
Continuity (K=5): 0.9923
Continuity (K=7): 0.9913
Continuity (K=9): 0.9897
