X_train shape: (60000, 28, 28)
X_test shape: (10000, 28, 28)
X_train flattened shape: (60000, 784)
X_test flattened shape: (10000, 784)

Generating embeddings...
X_train embedded shape: (60000, 2)
X_test embedded shape: (10000, 2)

Run KNN on ==>  mnist
KNN Before:
k=1: 0.9691
k=3: 0.9705
k=5: 0.9688
k=7: 0.9694
k=9: 0.9659
KNN After:
k=1: 0.9429
k=3: 0.9598
k=5: 0.9609
k=7: 0.9612
k=9: 0.9612

Run Trustworthiness on ==>  mnist
Trustworthiness (k=5) - Train: 0.9526, Test: 0.9509
Trustworthiness (k=10) - Train: 0.9523, Test: 0.9508
Trustworthiness (k=15) - Train: 0.9520, Test: 0.9504

=== MRRE Evaluation ===
MRRE (K=1): 591.4667
MRRE (K=3): 427.0862
MRRE (K=5): 350.3061
MRRE (K=7): 305.1262
MRRE (K=9): 273.4802

=== Continuity Evaluation ===
Continuity (K=1): 0.9901
Continuity (K=3): 0.9874
Continuity (K=5): 0.9854
Continuity (K=7): 0.9837
Continuity (K=9): 0.9822
