X_train shape: (320, 4096)
X_test shape: (80, 4096)
X_train flattened shape: (320, 4096)
X_test flattened shape: (80, 4096)

Generating embeddings...
X_train embedded shape: (320, 3)
X_test embedded shape: (80, 3)

Run KNN on ==>  olivetti
KNN Before:
k=1: 0.9375
k=3: 0.8750
k=5: 0.8625
k=7: 0.8250
k=9: 0.7500
KNN After:
k=1: 0.4625
k=3: 0.4125
k=5: 0.4625
k=7: 0.4500
k=9: 0.4375

Run Trustworthiness on ==>  olivetti
Trustworthiness (k=1) - Train: 0.9629, Test: 0.9167
Trustworthiness (k=3) - Train: 0.9548, Test: 0.8928
Trustworthiness (k=5) - Train: 0.9476, Test: 0.8767
Trustworthiness (k=7) - Train: 0.9420, Test: 0.8756
Trustworthiness (k=9) - Train: 0.9389, Test: 0.8719

=== MRRE Evaluation ===
MRRE (K=1): 6.1250
MRRE (K=3): 5.5960
MRRE (K=5): 4.9812
MRRE (K=7): 4.5879
MRRE (K=9): 4.2433

=== Continuity Evaluation ===
Continuity (K=1): 0.9808
Continuity (K=3): 0.9686
Continuity (K=5): 0.9612
Continuity (K=7): 0.9541
Continuity (K=9): 0.9495
