X_train shape: (15076, 5000)
X_test shape: (3770, 5000)
X_train flattened shape: (15076, 5000)
X_test flattened shape: (3770, 5000)

Generating embeddings...
X_train embedded shape: (15076, 3)
X_test embedded shape: (3770, 3)

Run KNN on ==>  20newsgroups
KNN Before:
k=1: 0.8040
k=3: 0.7692
k=5: 0.7626
k=7: 0.7525
k=9: 0.7469
KNN After:
k=1: 0.1499
k=3: 0.1602
k=5: 0.1706
k=7: 0.1690
k=9: 0.1735

Run Trustworthiness on ==>  20newsgroups
Trustworthiness (k=1) - Train: 0.6395, Test: 0.6354
Trustworthiness (k=3) - Train: 0.6366, Test: 0.6351
Trustworthiness (k=5) - Train: 0.6359, Test: 0.6337
Trustworthiness (k=7) - Train: 0.6343, Test: 0.6323
Trustworthiness (k=9) - Train: 0.6337, Test: 0.6314

=== MRRE Evaluation ===
MRRE (K=1): 3107.8770
MRRE (K=3): 2215.9500
MRRE (K=5): 1777.9259
MRRE (K=7): 1507.3348
MRRE (K=9): 1321.4141

=== Continuity Evaluation ===
Continuity (K=1): 0.7938
Continuity (K=3): 0.7410
Continuity (K=5): 0.7122
Continuity (K=7): 0.6925
Continuity (K=9): 0.6772
