X_train shape: (1152, 128, 128)
X_test shape: (288, 128, 128)
X_train flattened shape: (1152, 16384)
X_test flattened shape: (288, 16384)

Generating embeddings...
X_train embedded shape: (1152, 3)
X_test embedded shape: (288, 3)

Run KNN on ==>  coil20
KNN Before:
k=1: 0.9931
k=3: 0.9757
k=5: 0.9444
k=7: 0.9236
k=9: 0.9132
KNN After:
k=1: 0.8924
k=3: 0.8785
k=5: 0.8681
k=7: 0.8819
k=9: 0.8611

Run Trustworthiness on ==>  coil20
Trustworthiness (k=1) - Train: 0.9589, Test: 0.9543
Trustworthiness (k=3) - Train: 0.9548, Test: 0.9388
Trustworthiness (k=5) - Train: 0.9488, Test: 0.9357
Trustworthiness (k=7) - Train: 0.9452, Test: 0.9375
Trustworthiness (k=9) - Train: 0.9418, Test: 0.9352

=== MRRE Evaluation ===
MRRE (K=1): 3.6667
MRRE (K=3): 3.4049
MRRE (K=5): 3.4050
MRRE (K=7): 3.2605
MRRE (K=9): 3.1392

=== Continuity Evaluation ===
Continuity (K=1): 0.9968
Continuity (K=3): 0.9947
Continuity (K=5): 0.9922
Continuity (K=7): 0.9906
Continuity (K=9): 0.9891
