X_train shape: (1152, 16384)
X_test shape: (288, 16384)
X_train flattened shape: (1152, 16384)
X_test flattened shape: (288, 16384)

Generating embeddings...
X_train embedded shape: (1152, 3)
X_test embedded shape: (288, 3)

Run KNN on ==>  coil20-npy
KNN Before:
k=1: 0.9931
k=3: 0.9722
k=5: 0.9340
k=7: 0.8958
k=9: 0.8889
KNN After:
k=1: 0.9097
k=3: 0.8854
k=5: 0.8889
k=7: 0.8889
k=9: 0.8750

Run Trustworthiness on ==>  coil20-npy
Trustworthiness (k=1) - Train: 0.9622, Test: 0.9571
Trustworthiness (k=3) - Train: 0.9547, Test: 0.9374
Trustworthiness (k=5) - Train: 0.9499, Test: 0.9335
Trustworthiness (k=7) - Train: 0.9462, Test: 0.9291
Trustworthiness (k=9) - Train: 0.9428, Test: 0.9260

=== MRRE Evaluation ===
MRRE (K=1): 3.7682
MRRE (K=3): 3.3764
MRRE (K=5): 3.3199
MRRE (K=7): 3.2105
MRRE (K=9): 3.1027

=== Continuity Evaluation ===
Continuity (K=1): 0.9967
Continuity (K=3): 0.9949
Continuity (K=5): 0.9926
Continuity (K=7): 0.9907
Continuity (K=9): 0.9892
